[2025-03-02 00:20:31] INFO: User user1 Logged In
[2025-03-02 00:20:47] INFO: User user1 Logged In
[2025-03-02 00:22:56] INFO: User user1 Logged In
[2025-03-02 00:23:18] INFO: User user1 Logged In
[2025-03-02 00:26:37] INFO: New User Regitered as user2
[2025-03-02 17:03:39] INFO: User user1 Logged In
[2025-03-02 17:37:51] INFO: User user1 Logged In
[2025-03-02 17:46:33] INFO: New User Regitered as user3
[2025-03-02 17:46:41] INFO: User user3 Logged In
[2025-03-03 20:59:43] INFO: User user3 Logged In
[2025-05-30 00:20:19] INFO: New User Regitered as admin
[2025-05-30 00:20:57] INFO: User admin Logged In
[2025-05-30 00:25:26] INFO: New User Regitered as admin
[2025-05-30 00:25:29] INFO: User admin Logged In
[2025-05-30 13:38:01] INFO: User admin Logged In
[2025-05-30 13:39:35] INFO: User admin Logged In
[2025-05-30 13:40:02] INFO: User admin Logged In
[2025-05-30 13:44:25] INFO: User admin Logged In
[2025-05-30 13:45:01] INFO: User admin Logged In
[2025-05-30 13:52:09] INFO: User admin Logged In
[2025-05-30 13:52:19] INFO: User admin Logged In
[2025-05-30 13:52:59] INFO: User admin Logged In
[2025-05-30 13:53:46] INFO: User admin Logged In
[2025-05-30 13:54:35] INFO: User admin Logged In
[2025-05-30 13:56:51] INFO: User admin Logged In
[2025-05-30 13:57:25] INFO: User admin Logged In
[2025-05-30 13:57:58] INFO: User admin Logged In
[2025-05-30 13:59:09] INFO: User admin Logged In
[2025-05-30 14:00:46] INFO: User admin Logged In
[2025-05-30 14:00:53] INFO: User admin Logged In
[2025-05-30 14:08:33] INFO: User admin Logged In
[2025-05-30 14:10:15] INFO: User admin Logged In
[2025-05-30 14:10:28] INFO: User admin Logged In
[2025-05-30 14:10:55] INFO: User admin Logged In
[2025-05-30 14:11:35] INFO: User admin Logged In
[2025-05-30 15:03:57] INFO: User admin Logged In
[2025-05-30 15:03:59] INFO: User admin Logged In
[2025-05-30 15:13:19] INFO: User admin Logged In
[2025-05-30 15:18:53] INFO: User admin Logged In
[2025-05-30 22:42:51] INFO: User admin Logged In
[2025-06-03 19:58:24] INFO: User admin Logged In
[2025-06-05 00:11:31] INFO: User admin Logged In
[2025-06-11 00:28:07] INFO: User admin Logged In
[2025-06-11 01:37:46] INFO: User admin Logged In
[2025-06-11 01:38:12] INFO: User admin Logged In
[2025-06-11 01:51:41] INFO: User admin Logged In
[2025-06-11 01:52:41] INFO: User admin Logged In
[2025-06-11 14:19:21] INFO: New User Regitered as Sua
[2025-06-11 14:20:45] INFO: User Sua Logged In
[2025-06-11 14:21:23] INFO: User user1 Logged In
[2025-06-11 14:42:46] INFO: New User Regitered as user2
[2025-06-12 12:12:03] INFO: User admin Logged In
[2025-06-13 17:04:48] INFO: User admin Logged In
[2025-06-15 17:49:15] INFO: User admin Logged In
